{"ts":1723331217213,"action":"PROJECT_OPENED","tags":{"PROJECT_NAME":"DemoHorizontalMultiBrowseCarousel"}}
{"ts":1723331224409,"action":"IDE_DEACTIVATED"}
{"ts":1723331224574,"action":"IDE_ACTIVATED"}
{"ts":1723331226600,"action":"FILE_OPENED","file":"/build.gradle.kts","tags":{"FILE_LINE_OF_CODE":"5"}}
{"ts":1723331249574,"action":"IDE_DEACTIVATED"}
{"ts":1723331269574,"action":"IDE_ACTIVATED"}
{"ts":1723331271817,"action":"FILE_CLOSED","file":"/build.gradle.kts","tags":{"FILE_LINE_OF_CODE":"5"}}
{"ts":1723331271817,"action":"FILE_OPENED","file":"/gradle/libs.versions.toml","tags":{"FILE_LINE_OF_CODE":"29"}}
{"ts":1723331282506,"action":"FILE_CLOSED","file":"/gradle/libs.versions.toml","tags":{"FILE_LINE_OF_CODE":"29"}}
{"ts":1723331282506,"action":"FILE_OPENED","file":"/app/src/main/java/com/idiotleon/demo/demoHorizontalMultiBrowseCarousel/MainActivity.kt","tags":{"FILE_LINE_OF_CODE":"59"}}
{"ts":1723331345722,"action":"FILE_CLOSED","file":"/app/src/main/java/com/idiotleon/demo/demoHorizontalMultiBrowseCarousel/MainActivity.kt","tags":{"FILE_LINE_OF_CODE":"59"}}
{"ts":1723331345722,"action":"FILE_OPENED","file":"/gradle/libs.versions.toml","tags":{"FILE_LINE_OF_CODE":"29"}}
{"ts":1723331375504,"action":"FILE_CLOSED","file":"/gradle/libs.versions.toml","tags":{"FILE_LINE_OF_CODE":"58"}}
{"ts":1723331375504,"action":"FILE_OPENED","file":"/build.gradle.kts","tags":{"FILE_LINE_OF_CODE":"5"}}
{"ts":1723331393218,"action":"FILE_CLOSED","file":"/build.gradle.kts","tags":{"FILE_LINE_OF_CODE":"5"}}
{"ts":1723331393218,"action":"FILE_OPENED","file":"/app/build.gradle.kts","tags":{"FILE_LINE_OF_CODE":"52"}}
{"ts":1723331420375,"action":"IDE_DEACTIVATED"}
{"ts":1723331482489,"action":"IDE_ACTIVATED"}
{"ts":1723331488983,"action":"IDE_DEACTIVATED"}
{"ts":1723331534217,"action":"IDE_ACTIVATED"}
{"ts":1723331561119,"action":"FILE_CLOSED","file":"/app/build.gradle.kts","tags":{"FILE_LINE_OF_CODE":"63"}}
{"ts":1723331561119,"action":"FILE_OPENED","file":"/app/src/main/java/com/idiotleon/demo/demoHorizontalMultiBrowseCarousel/MainActivity.kt","tags":{"FILE_LINE_OF_CODE":"59"}}
{"ts":1723331611667,"action":"IDE_DEACTIVATED"}
{"ts":1723331613407,"action":"IDE_ACTIVATED"}
{"ts":1723331675821,"action":"PROJECT_CLOSED","tags":{"PROJECT_NAME":"DemoHorizontalMultiBrowseCarousel"}}
